<?xml version="1.0" encoding="UTF-8"?>
<!-- Generated by org.testng.reporters.JUnitXMLReporter -->
<testsuite hostname="ICEN106" ignored="2" name="Default test" tests="3" failures="0" timestamp="10 Jul 2018 13:16:53 GMT" time="80.325" errors="0">
  <testcase name="buyerSignUp" time="43.783" classname="com.kasback.webApplication.uiTesting.KasbackOrderWorkflows"/>
  <testcase name="loginAsBuyer" time="14.174" classname="com.kasback.webApplication.uiTesting.KasbackOrderWorkflows"/>
  <testcase name="placeNewOrder" time="22.348" classname="com.kasback.webApplication.uiTesting.KasbackOrderWorkflows"/>
  <testcase name="loginAsSeller" time="0.0" classname="com.kasback.webApplication.uiTesting.KasbackOrderWorkflows">
    <ignored/>
  </testcase> <!-- loginAsSeller -->
  <testcase name="sellerSignUp" time="0.0" classname="com.kasback.webApplication.uiTesting.KasbackOrderWorkflows">
    <ignored/>
  </testcase> <!-- sellerSignUp -->
</testsuite> <!-- Default test -->
