<?xml version="1.0" encoding="UTF-8"?>
<testng-results skipped="0" failed="0" ignored="2" total="5" passed="3">
  <reporter-output>
    <line>
      <![CDATA[<tr><td></td><td></td><td><font size="1" face="Comic sans MS" color="green"><a href="C:\Users\agam.abrol\Downloads\kasback 1\kasback/src/test/resources/snapshots//d0a32018-26b7-4682-8a96-6b26105d3599.png"><p align="left">           Tue Jul 10 18:45:55 IST 2018</p>]]>
    </line>
    <line>
      <![CDATA[<p><img width="16" src="C:\Users\agam.abrol\Downloads\kasback 1\kasback/src/test/resources/snapshots//d0a32018-26b7-4682-8a96-6b26105d3599.png" alt="executed onTue Jul 10 18:45:55 IST 2018"/></p></a></font></td>]]>
    </line>
    <line>
      <![CDATA[<td><font size="2" face="Comic sans MS" color="green"><b>clicked on webelement</b></font></td></tr>]]>
    </line>
    <line>
      <![CDATA[<tr><td></td><td></td><td><font size="1" face="Comic sans MS" color="green"><a href="C:\Users\agam.abrol\Downloads\kasback 1\kasback/src/test/resources/snapshots//11a577ea-b63d-45c9-8ffb-3edb270233af.png"><p align="left">           Tue Jul 10 18:45:56 IST 2018</p>]]>
    </line>
    <line>
      <![CDATA[<p><img width="16" src="C:\Users\agam.abrol\Downloads\kasback 1\kasback/src/test/resources/snapshots//11a577ea-b63d-45c9-8ffb-3edb270233af.png" alt="executed onTue Jul 10 18:45:56 IST 2018"/></p></a></font></td>]]>
    </line>
    <line>
      <![CDATA[<td><font size="2" face="Comic sans MS" color="green"><b>select (by option)Buyer from the dropdown</b></font></td></tr>]]>
    </line>
    <line>
      <![CDATA[<tr><td></td><td></td><td><font size="1" face="Comic sans MS" color="green"><a href="C:\Users\agam.abrol\Downloads\kasback 1\kasback/src/test/resources/snapshots//a6a43fee-f888-42e6-93c1-ef492e6ef521.png"><p align="left">           Tue Jul 10 18:45:57 IST 2018</p>]]>
    </line>
    <line>
      <![CDATA[<p><img width="16" src="C:\Users\agam.abrol\Downloads\kasback 1\kasback/src/test/resources/snapshots//a6a43fee-f888-42e6-93c1-ef492e6ef521.png" alt="executed onTue Jul 10 18:45:57 IST 2018"/></p></a></font></td>]]>
    </line>
    <line>
      <![CDATA[<td><font size="2" face="Comic sans MS" color="green"><b>select (by option)India from the dropdown</b></font></td></tr>]]>
    </line>
    <line>
      <![CDATA[<tr><td></td><td></td><td><font size="1" face="Comic sans MS" color="green"><a href="C:\Users\agam.abrol\Downloads\kasback 1\kasback/src/test/resources/snapshots//7589042b-7e2e-43e8-92f9-bd71a20bde6f.png"><p align="left">           Tue Jul 10 18:45:58 IST 2018</p>]]>
    </line>
    <line>
      <![CDATA[<p><img width="16" src="C:\Users\agam.abrol\Downloads\kasback 1\kasback/src/test/resources/snapshots//7589042b-7e2e-43e8-92f9-bd71a20bde6f.png" alt="executed onTue Jul 10 18:45:58 IST 2018"/></p></a></font></td>]]>
    </line>
    <line>
      <![CDATA[<td><font size="2" face="Comic sans MS" color="green"><b>select (by option)Delhi from the dropdown</b></font></td></tr>]]>
    </line>
    <line>
      <![CDATA[<tr><td></td><td></td><td><font size="1" face="Comic sans MS" color="green"><a href="C:\Users\agam.abrol\Downloads\kasback 1\kasback/src/test/resources/snapshots//3611d280-3475-4115-87cf-159ffe79681a.png"><p align="left">           Tue Jul 10 18:45:58 IST 2018</p>]]>
    </line>
    <line>
      <![CDATA[<p><img width="16" src="C:\Users\agam.abrol\Downloads\kasback 1\kasback/src/test/resources/snapshots//3611d280-3475-4115-87cf-159ffe79681a.png" alt="executed onTue Jul 10 18:45:58 IST 2018"/></p></a></font></td>]]>
    </line>
    <line>
      <![CDATA[<td><font size="2" face="Comic sans MS" color="green"><b>select (by option)Delhi from the dropdown</b></font></td></tr>]]>
    </line>
    <line>
      <![CDATA[<tr><td></td><td></td><td><font size="1" face="Comic sans MS" color="green"><a href="C:\Users\agam.abrol\Downloads\kasback 1\kasback/src/test/resources/snapshots//c12893e8-8163-462c-98d8-3a4dc14088d7.png"><p align="left">           Tue Jul 10 18:46:00 IST 2018</p>]]>
    </line>
    <line>
      <![CDATA[<p><img width="16" src="C:\Users\agam.abrol\Downloads\kasback 1\kasback/src/test/resources/snapshots//c12893e8-8163-462c-98d8-3a4dc14088d7.png" alt="executed onTue Jul 10 18:46:00 IST 2018"/></p></a></font></td>]]>
    </line>
    <line>
      <![CDATA[<td><font size="2" face="Comic sans MS" color="green"><b>clicked on webelement</b></font></td></tr>]]>
    </line>
    <line>
      <![CDATA[<tr><td></td><td></td><td><font size="1" face="Comic sans MS" color="green"><a href="C:\Users\agam.abrol\Downloads\kasback 1\kasback/src/test/resources/snapshots//d31b805a-2dd3-4c13-abf6-ec7481e22ed7.png"><p align="left">           Tue Jul 10 18:46:02 IST 2018</p>]]>
    </line>
    <line>
      <![CDATA[<p><img width="16" src="C:\Users\agam.abrol\Downloads\kasback 1\kasback/src/test/resources/snapshots//d31b805a-2dd3-4c13-abf6-ec7481e22ed7.png" alt="executed onTue Jul 10 18:46:02 IST 2018"/></p></a></font></td>]]>
    </line>
    <line>
      <![CDATA[<td><font size="2" face="Comic sans MS" color="green"><b>clicked on webelement</b></font></td></tr>]]>
    </line>
    <line>
      <![CDATA[<tr><td></td><td></td><td><font size="1" face="Comic sans MS" color="green"><a href="C:\Users\agam.abrol\Downloads\kasback 1\kasback/src/test/resources/snapshots//2b393164-070d-4cea-ab2c-6cdcd326ff62.png"><p align="left">           Tue Jul 10 18:46:17 IST 2018</p>]]>
    </line>
    <line>
      <![CDATA[<p><img width="16" src="C:\Users\agam.abrol\Downloads\kasback 1\kasback/src/test/resources/snapshots//2b393164-070d-4cea-ab2c-6cdcd326ff62.png" alt="executed onTue Jul 10 18:46:17 IST 2018"/></p></a></font></td>]]>
    </line>
    <line>
      <![CDATA[<td><font size="2" face="Comic sans MS" color="green"><b>clicked on webelement</b></font></td></tr>]]>
    </line>
    <line>
      <![CDATA[<tr><td></td><td></td><td><font size="1" face="Comic sans MS" color="green"><a href="C:\Users\agam.abrol\Downloads\kasback 1\kasback/src/test/resources/snapshots//751cb8e4-46f1-44fe-9c70-e2117352e3b8.png"><p align="left">           Tue Jul 10 18:46:29 IST 2018</p>]]>
    </line>
    <line>
      <![CDATA[<p><img width="16" src="C:\Users\agam.abrol\Downloads\kasback 1\kasback/src/test/resources/snapshots//751cb8e4-46f1-44fe-9c70-e2117352e3b8.png" alt="executed onTue Jul 10 18:46:29 IST 2018"/></p></a></font></td>]]>
    </line>
    <line>
      <![CDATA[<td><font size="2" face="Comic sans MS" color="green"><b>clicked on webelement</b></font></td></tr>]]>
    </line>
    <line>
      <![CDATA[<tr><td></td><td></td><td><font size="1" face="Comic sans MS" color="green"><a href="C:\Users\agam.abrol\Downloads\kasback 1\kasback/src/test/resources/snapshots//25716aff-48c1-4d69-a354-b7334e4cdb10.png"><p align="left">           Tue Jul 10 18:46:31 IST 2018</p>]]>
    </line>
    <line>
      <![CDATA[<p><img width="16" src="C:\Users\agam.abrol\Downloads\kasback 1\kasback/src/test/resources/snapshots//25716aff-48c1-4d69-a354-b7334e4cdb10.png" alt="executed onTue Jul 10 18:46:31 IST 2018"/></p></a></font></td>]]>
    </line>
    <line>
      <![CDATA[<td><font size="2" face="Comic sans MS" color="green"><b>clicked on webelement</b></font></td></tr>]]>
    </line>
    <line>
      <![CDATA[<tr><td></td><td></td><td><font size="1" face="Comic sans MS" color="green"><a href="C:\Users\agam.abrol\Downloads\kasback 1\kasback/src/test/resources/snapshots//e14d0821-2c2e-4a14-a72d-31417619e6da.png"><p align="left">           Tue Jul 10 18:46:32 IST 2018</p>]]>
    </line>
    <line>
      <![CDATA[<p><img width="16" src="C:\Users\agam.abrol\Downloads\kasback 1\kasback/src/test/resources/snapshots//e14d0821-2c2e-4a14-a72d-31417619e6da.png" alt="executed onTue Jul 10 18:46:32 IST 2018"/></p></a></font></td>]]>
    </line>
    <line>
      <![CDATA[<td><font size="2" face="Comic sans MS" color="green"><b>clicked on webelement</b></font></td></tr>]]>
    </line>
    <line>
      <![CDATA[<tr><td></td><td></td><td><font size="1" face="Comic sans MS" color="green"><a href="C:\Users\agam.abrol\Downloads\kasback 1\kasback/src/test/resources/snapshots//6a293b51-aa4a-4629-ad99-88999654ea53.png"><p align="left">           Tue Jul 10 18:46:37 IST 2018</p>]]>
    </line>
    <line>
      <![CDATA[<p><img width="16" src="C:\Users\agam.abrol\Downloads\kasback 1\kasback/src/test/resources/snapshots//6a293b51-aa4a-4629-ad99-88999654ea53.png" alt="executed onTue Jul 10 18:46:37 IST 2018"/></p></a></font></td>]]>
    </line>
    <line>
      <![CDATA[<td><font size="2" face="Comic sans MS" color="green"><b>clicked on webelement</b></font></td></tr>]]>
    </line>
    <line>
      <![CDATA[<tr><td></td><td></td><td><font size="1" face="Comic sans MS" color="green"><a href="C:\Users\agam.abrol\Downloads\kasback 1\kasback/src/test/resources/snapshots//b4abf90a-63ff-433f-805b-6efe64bf0393.png"><p align="left">           Tue Jul 10 18:46:39 IST 2018</p>]]>
    </line>
    <line>
      <![CDATA[<p><img width="16" src="C:\Users\agam.abrol\Downloads\kasback 1\kasback/src/test/resources/snapshots//b4abf90a-63ff-433f-805b-6efe64bf0393.png" alt="executed onTue Jul 10 18:46:39 IST 2018"/></p></a></font></td>]]>
    </line>
    <line>
      <![CDATA[<td><font size="2" face="Comic sans MS" color="green"><b>clicked on webelement</b></font></td></tr>]]>
    </line>
    <line>
      <![CDATA[<tr><td></td><td></td><td><font size="1" face="Comic sans MS" color="green"><a href="C:\Users\agam.abrol\Downloads\kasback 1\kasback/src/test/resources/snapshots//5fb4a990-27a0-4e09-9e0e-35bb307e90c0.png"><p align="left">           Tue Jul 10 18:46:41 IST 2018</p>]]>
    </line>
    <line>
      <![CDATA[<p><img width="16" src="C:\Users\agam.abrol\Downloads\kasback 1\kasback/src/test/resources/snapshots//5fb4a990-27a0-4e09-9e0e-35bb307e90c0.png" alt="executed onTue Jul 10 18:46:41 IST 2018"/></p></a></font></td>]]>
    </line>
    <line>
      <![CDATA[<td><font size="2" face="Comic sans MS" color="green"><b>clicked on webelement</b></font></td></tr>]]>
    </line>
    <line>
      <![CDATA[<tr><td></td><td></td><td><font size="1" face="Comic sans MS" color="green"><a href="C:\Users\agam.abrol\Downloads\kasback 1\kasback/src/test/resources/snapshots//3274d458-695a-4416-ad07-0a9095ec613d.png"><p align="left">           Tue Jul 10 18:46:45 IST 2018</p>]]>
    </line>
    <line>
      <![CDATA[<p><img width="16" src="C:\Users\agam.abrol\Downloads\kasback 1\kasback/src/test/resources/snapshots//3274d458-695a-4416-ad07-0a9095ec613d.png" alt="executed onTue Jul 10 18:46:45 IST 2018"/></p></a></font></td>]]>
    </line>
    <line>
      <![CDATA[<td><font size="2" face="Comic sans MS" color="green"><b>clicked on webelement</b></font></td></tr>]]>
    </line>
    <line>
      <![CDATA[<tr><td></td><td></td><td><font size="1" face="Comic sans MS" color="green"><a href="C:\Users\agam.abrol\Downloads\kasback 1\kasback/src/test/resources/snapshots//c7907bc0-6b96-4915-bd63-e2279a6db91d.png"><p align="left">           Tue Jul 10 18:46:47 IST 2018</p>]]>
    </line>
    <line>
      <![CDATA[<p><img width="16" src="C:\Users\agam.abrol\Downloads\kasback 1\kasback/src/test/resources/snapshots//c7907bc0-6b96-4915-bd63-e2279a6db91d.png" alt="executed onTue Jul 10 18:46:47 IST 2018"/></p></a></font></td>]]>
    </line>
    <line>
      <![CDATA[<td><font size="2" face="Comic sans MS" color="green"><b>clicked on webelement</b></font></td></tr>]]>
    </line>
    <line>
      <![CDATA[<tr><td></td><td></td><td><font size="1" face="Comic sans MS" color="green"><a href="C:\Users\agam.abrol\Downloads\kasback 1\kasback/src/test/resources/snapshots//121b489a-83ac-4188-acc1-0c30a076ab11.png"><p align="left">           Tue Jul 10 18:46:48 IST 2018</p>]]>
    </line>
    <line>
      <![CDATA[<p><img width="16" src="C:\Users\agam.abrol\Downloads\kasback 1\kasback/src/test/resources/snapshots//121b489a-83ac-4188-acc1-0c30a076ab11.png" alt="executed onTue Jul 10 18:46:48 IST 2018"/></p></a></font></td>]]>
    </line>
    <line>
      <![CDATA[<td><font size="2" face="Comic sans MS" color="green"><b>clicked on webelement</b></font></td></tr>]]>
    </line>
    <line>
      <![CDATA[<tr><td></td><td></td><td><font size="1" face="Comic sans MS" color="green"><a href="C:\Users\agam.abrol\Downloads\kasback 1\kasback/src/test/resources/snapshots//dd370ae6-01a1-4102-aa64-bcd7e5a3a3c4.png"><p align="left">           Tue Jul 10 18:46:49 IST 2018</p>]]>
    </line>
    <line>
      <![CDATA[<p><img width="16" src="C:\Users\agam.abrol\Downloads\kasback 1\kasback/src/test/resources/snapshots//dd370ae6-01a1-4102-aa64-bcd7e5a3a3c4.png" alt="executed onTue Jul 10 18:46:49 IST 2018"/></p></a></font></td>]]>
    </line>
    <line>
      <![CDATA[<td><font size="2" face="Comic sans MS" color="green"><b>clicked on webelement</b></font></td></tr>]]>
    </line>
    <line>
      <![CDATA[<tr><td></td><td></td><td><font size="1" face="Comic sans MS" color="green"><a href="C:\Users\agam.abrol\Downloads\kasback 1\kasback/src/test/resources/snapshots//48d8e3ea-8f0b-45b3-ae96-cf8f0cf4de58.png"><p align="left">           Tue Jul 10 18:46:53 IST 2018</p>]]>
    </line>
    <line>
      <![CDATA[<p><img width="16" src="C:\Users\agam.abrol\Downloads\kasback 1\kasback/src/test/resources/snapshots//48d8e3ea-8f0b-45b3-ae96-cf8f0cf4de58.png" alt="executed onTue Jul 10 18:46:53 IST 2018"/></p></a></font></td>]]>
    </line>
    <line>
      <![CDATA[<td><font size="2" face="Comic sans MS" color="green"><b>clicked on webelement</b></font></td></tr>]]>
    </line>
  </reporter-output>
  <suite name="Default suite" duration-ms="80325" started-at="2018-07-10T13:15:33Z" finished-at="2018-07-10T13:16:53Z">
    <groups>
    </groups>
    <test name="Default test" duration-ms="80325" started-at="2018-07-10T13:15:33Z" finished-at="2018-07-10T13:16:53Z">
      <class name="com.kasback.webApplication.uiTesting.KasbackOrderWorkflows">
        <test-method status="PASS" signature="beforesuite(java.lang.String, java.lang.String)[pri:0, instance:com.kasback.webApplication.uiTesting.KasbackOrderWorkflows@42eca56e]" name="beforesuite" is-config="true" duration-ms="888" started-at="2018-07-10T18:45:32Z" finished-at="2018-07-10T18:45:33Z">
          <params>
            <param index="0">
              <value>
                <![CDATA[test]]>
              </value>
            </param>
            <param index="1">
              <value>
                <![CDATA[chrome]]>
              </value>
            </param>
          </params>
          <reporter-output>
          </reporter-output>
        </test-method> <!-- beforesuite -->
        <test-method status="PASS" signature="buyerSignUp()[pri:0, instance:com.kasback.webApplication.uiTesting.KasbackOrderWorkflows@42eca56e]" name="buyerSignUp" duration-ms="43783" started-at="2018-07-10T18:45:33Z" finished-at="2018-07-10T18:46:17Z">
          <reporter-output>
            <line>
              <![CDATA[<tr><td></td><td></td><td><font size="1" face="Comic sans MS" color="green"><a href="C:\Users\agam.abrol\Downloads\kasback 1\kasback/src/test/resources/snapshots//d0a32018-26b7-4682-8a96-6b26105d3599.png"><p align="left">           Tue Jul 10 18:45:55 IST 2018</p>]]>
            </line>
            <line>
              <![CDATA[<p><img width="16" src="C:\Users\agam.abrol\Downloads\kasback 1\kasback/src/test/resources/snapshots//d0a32018-26b7-4682-8a96-6b26105d3599.png" alt="executed onTue Jul 10 18:45:55 IST 2018"/></p></a></font></td>]]>
            </line>
            <line>
              <![CDATA[<td><font size="2" face="Comic sans MS" color="green"><b>clicked on webelement</b></font></td></tr>]]>
            </line>
            <line>
              <![CDATA[<tr><td></td><td></td><td><font size="1" face="Comic sans MS" color="green"><a href="C:\Users\agam.abrol\Downloads\kasback 1\kasback/src/test/resources/snapshots//11a577ea-b63d-45c9-8ffb-3edb270233af.png"><p align="left">           Tue Jul 10 18:45:56 IST 2018</p>]]>
            </line>
            <line>
              <![CDATA[<p><img width="16" src="C:\Users\agam.abrol\Downloads\kasback 1\kasback/src/test/resources/snapshots//11a577ea-b63d-45c9-8ffb-3edb270233af.png" alt="executed onTue Jul 10 18:45:56 IST 2018"/></p></a></font></td>]]>
            </line>
            <line>
              <![CDATA[<td><font size="2" face="Comic sans MS" color="green"><b>select (by option)Buyer from the dropdown</b></font></td></tr>]]>
            </line>
            <line>
              <![CDATA[<tr><td></td><td></td><td><font size="1" face="Comic sans MS" color="green"><a href="C:\Users\agam.abrol\Downloads\kasback 1\kasback/src/test/resources/snapshots//a6a43fee-f888-42e6-93c1-ef492e6ef521.png"><p align="left">           Tue Jul 10 18:45:57 IST 2018</p>]]>
            </line>
            <line>
              <![CDATA[<p><img width="16" src="C:\Users\agam.abrol\Downloads\kasback 1\kasback/src/test/resources/snapshots//a6a43fee-f888-42e6-93c1-ef492e6ef521.png" alt="executed onTue Jul 10 18:45:57 IST 2018"/></p></a></font></td>]]>
            </line>
            <line>
              <![CDATA[<td><font size="2" face="Comic sans MS" color="green"><b>select (by option)India from the dropdown</b></font></td></tr>]]>
            </line>
            <line>
              <![CDATA[<tr><td></td><td></td><td><font size="1" face="Comic sans MS" color="green"><a href="C:\Users\agam.abrol\Downloads\kasback 1\kasback/src/test/resources/snapshots//7589042b-7e2e-43e8-92f9-bd71a20bde6f.png"><p align="left">           Tue Jul 10 18:45:58 IST 2018</p>]]>
            </line>
            <line>
              <![CDATA[<p><img width="16" src="C:\Users\agam.abrol\Downloads\kasback 1\kasback/src/test/resources/snapshots//7589042b-7e2e-43e8-92f9-bd71a20bde6f.png" alt="executed onTue Jul 10 18:45:58 IST 2018"/></p></a></font></td>]]>
            </line>
            <line>
              <![CDATA[<td><font size="2" face="Comic sans MS" color="green"><b>select (by option)Delhi from the dropdown</b></font></td></tr>]]>
            </line>
            <line>
              <![CDATA[<tr><td></td><td></td><td><font size="1" face="Comic sans MS" color="green"><a href="C:\Users\agam.abrol\Downloads\kasback 1\kasback/src/test/resources/snapshots//3611d280-3475-4115-87cf-159ffe79681a.png"><p align="left">           Tue Jul 10 18:45:58 IST 2018</p>]]>
            </line>
            <line>
              <![CDATA[<p><img width="16" src="C:\Users\agam.abrol\Downloads\kasback 1\kasback/src/test/resources/snapshots//3611d280-3475-4115-87cf-159ffe79681a.png" alt="executed onTue Jul 10 18:45:58 IST 2018"/></p></a></font></td>]]>
            </line>
            <line>
              <![CDATA[<td><font size="2" face="Comic sans MS" color="green"><b>select (by option)Delhi from the dropdown</b></font></td></tr>]]>
            </line>
            <line>
              <![CDATA[<tr><td></td><td></td><td><font size="1" face="Comic sans MS" color="green"><a href="C:\Users\agam.abrol\Downloads\kasback 1\kasback/src/test/resources/snapshots//c12893e8-8163-462c-98d8-3a4dc14088d7.png"><p align="left">           Tue Jul 10 18:46:00 IST 2018</p>]]>
            </line>
            <line>
              <![CDATA[<p><img width="16" src="C:\Users\agam.abrol\Downloads\kasback 1\kasback/src/test/resources/snapshots//c12893e8-8163-462c-98d8-3a4dc14088d7.png" alt="executed onTue Jul 10 18:46:00 IST 2018"/></p></a></font></td>]]>
            </line>
            <line>
              <![CDATA[<td><font size="2" face="Comic sans MS" color="green"><b>clicked on webelement</b></font></td></tr>]]>
            </line>
            <line>
              <![CDATA[<tr><td></td><td></td><td><font size="1" face="Comic sans MS" color="green"><a href="C:\Users\agam.abrol\Downloads\kasback 1\kasback/src/test/resources/snapshots//d31b805a-2dd3-4c13-abf6-ec7481e22ed7.png"><p align="left">           Tue Jul 10 18:46:02 IST 2018</p>]]>
            </line>
            <line>
              <![CDATA[<p><img width="16" src="C:\Users\agam.abrol\Downloads\kasback 1\kasback/src/test/resources/snapshots//d31b805a-2dd3-4c13-abf6-ec7481e22ed7.png" alt="executed onTue Jul 10 18:46:02 IST 2018"/></p></a></font></td>]]>
            </line>
            <line>
              <![CDATA[<td><font size="2" face="Comic sans MS" color="green"><b>clicked on webelement</b></font></td></tr>]]>
            </line>
            <line>
              <![CDATA[<tr><td></td><td></td><td><font size="1" face="Comic sans MS" color="green"><a href="C:\Users\agam.abrol\Downloads\kasback 1\kasback/src/test/resources/snapshots//2b393164-070d-4cea-ab2c-6cdcd326ff62.png"><p align="left">           Tue Jul 10 18:46:17 IST 2018</p>]]>
            </line>
            <line>
              <![CDATA[<p><img width="16" src="C:\Users\agam.abrol\Downloads\kasback 1\kasback/src/test/resources/snapshots//2b393164-070d-4cea-ab2c-6cdcd326ff62.png" alt="executed onTue Jul 10 18:46:17 IST 2018"/></p></a></font></td>]]>
            </line>
            <line>
              <![CDATA[<td><font size="2" face="Comic sans MS" color="green"><b>clicked on webelement</b></font></td></tr>]]>
            </line>
          </reporter-output>
        </test-method> <!-- buyerSignUp -->
        <test-method status="PASS" signature="loginAsBuyer()[pri:0, instance:com.kasback.webApplication.uiTesting.KasbackOrderWorkflows@42eca56e]" name="loginAsBuyer" duration-ms="14174" started-at="2018-07-10T18:46:17Z" depends-on-methods="com.kasback.webApplication.uiTesting.KasbackOrderWorkflows.buyerSignUp" finished-at="2018-07-10T18:46:31Z">
          <reporter-output>
            <line>
              <![CDATA[<tr><td></td><td></td><td><font size="1" face="Comic sans MS" color="green"><a href="C:\Users\agam.abrol\Downloads\kasback 1\kasback/src/test/resources/snapshots//751cb8e4-46f1-44fe-9c70-e2117352e3b8.png"><p align="left">           Tue Jul 10 18:46:29 IST 2018</p>]]>
            </line>
            <line>
              <![CDATA[<p><img width="16" src="C:\Users\agam.abrol\Downloads\kasback 1\kasback/src/test/resources/snapshots//751cb8e4-46f1-44fe-9c70-e2117352e3b8.png" alt="executed onTue Jul 10 18:46:29 IST 2018"/></p></a></font></td>]]>
            </line>
            <line>
              <![CDATA[<td><font size="2" face="Comic sans MS" color="green"><b>clicked on webelement</b></font></td></tr>]]>
            </line>
            <line>
              <![CDATA[<tr><td></td><td></td><td><font size="1" face="Comic sans MS" color="green"><a href="C:\Users\agam.abrol\Downloads\kasback 1\kasback/src/test/resources/snapshots//25716aff-48c1-4d69-a354-b7334e4cdb10.png"><p align="left">           Tue Jul 10 18:46:31 IST 2018</p>]]>
            </line>
            <line>
              <![CDATA[<p><img width="16" src="C:\Users\agam.abrol\Downloads\kasback 1\kasback/src/test/resources/snapshots//25716aff-48c1-4d69-a354-b7334e4cdb10.png" alt="executed onTue Jul 10 18:46:31 IST 2018"/></p></a></font></td>]]>
            </line>
            <line>
              <![CDATA[<td><font size="2" face="Comic sans MS" color="green"><b>clicked on webelement</b></font></td></tr>]]>
            </line>
          </reporter-output>
        </test-method> <!-- loginAsBuyer -->
        <test-method status="PASS" signature="placeNewOrder()[pri:0, instance:com.kasback.webApplication.uiTesting.KasbackOrderWorkflows@42eca56e]" name="placeNewOrder" duration-ms="22348" started-at="2018-07-10T18:46:31Z" depends-on-methods="com.kasback.webApplication.uiTesting.KasbackOrderWorkflows.loginAsBuyer" finished-at="2018-07-10T18:46:53Z">
          <reporter-output>
            <line>
              <![CDATA[<tr><td></td><td></td><td><font size="1" face="Comic sans MS" color="green"><a href="C:\Users\agam.abrol\Downloads\kasback 1\kasback/src/test/resources/snapshots//e14d0821-2c2e-4a14-a72d-31417619e6da.png"><p align="left">           Tue Jul 10 18:46:32 IST 2018</p>]]>
            </line>
            <line>
              <![CDATA[<p><img width="16" src="C:\Users\agam.abrol\Downloads\kasback 1\kasback/src/test/resources/snapshots//e14d0821-2c2e-4a14-a72d-31417619e6da.png" alt="executed onTue Jul 10 18:46:32 IST 2018"/></p></a></font></td>]]>
            </line>
            <line>
              <![CDATA[<td><font size="2" face="Comic sans MS" color="green"><b>clicked on webelement</b></font></td></tr>]]>
            </line>
            <line>
              <![CDATA[<tr><td></td><td></td><td><font size="1" face="Comic sans MS" color="green"><a href="C:\Users\agam.abrol\Downloads\kasback 1\kasback/src/test/resources/snapshots//6a293b51-aa4a-4629-ad99-88999654ea53.png"><p align="left">           Tue Jul 10 18:46:37 IST 2018</p>]]>
            </line>
            <line>
              <![CDATA[<p><img width="16" src="C:\Users\agam.abrol\Downloads\kasback 1\kasback/src/test/resources/snapshots//6a293b51-aa4a-4629-ad99-88999654ea53.png" alt="executed onTue Jul 10 18:46:37 IST 2018"/></p></a></font></td>]]>
            </line>
            <line>
              <![CDATA[<td><font size="2" face="Comic sans MS" color="green"><b>clicked on webelement</b></font></td></tr>]]>
            </line>
            <line>
              <![CDATA[<tr><td></td><td></td><td><font size="1" face="Comic sans MS" color="green"><a href="C:\Users\agam.abrol\Downloads\kasback 1\kasback/src/test/resources/snapshots//b4abf90a-63ff-433f-805b-6efe64bf0393.png"><p align="left">           Tue Jul 10 18:46:39 IST 2018</p>]]>
            </line>
            <line>
              <![CDATA[<p><img width="16" src="C:\Users\agam.abrol\Downloads\kasback 1\kasback/src/test/resources/snapshots//b4abf90a-63ff-433f-805b-6efe64bf0393.png" alt="executed onTue Jul 10 18:46:39 IST 2018"/></p></a></font></td>]]>
            </line>
            <line>
              <![CDATA[<td><font size="2" face="Comic sans MS" color="green"><b>clicked on webelement</b></font></td></tr>]]>
            </line>
            <line>
              <![CDATA[<tr><td></td><td></td><td><font size="1" face="Comic sans MS" color="green"><a href="C:\Users\agam.abrol\Downloads\kasback 1\kasback/src/test/resources/snapshots//5fb4a990-27a0-4e09-9e0e-35bb307e90c0.png"><p align="left">           Tue Jul 10 18:46:41 IST 2018</p>]]>
            </line>
            <line>
              <![CDATA[<p><img width="16" src="C:\Users\agam.abrol\Downloads\kasback 1\kasback/src/test/resources/snapshots//5fb4a990-27a0-4e09-9e0e-35bb307e90c0.png" alt="executed onTue Jul 10 18:46:41 IST 2018"/></p></a></font></td>]]>
            </line>
            <line>
              <![CDATA[<td><font size="2" face="Comic sans MS" color="green"><b>clicked on webelement</b></font></td></tr>]]>
            </line>
            <line>
              <![CDATA[<tr><td></td><td></td><td><font size="1" face="Comic sans MS" color="green"><a href="C:\Users\agam.abrol\Downloads\kasback 1\kasback/src/test/resources/snapshots//3274d458-695a-4416-ad07-0a9095ec613d.png"><p align="left">           Tue Jul 10 18:46:45 IST 2018</p>]]>
            </line>
            <line>
              <![CDATA[<p><img width="16" src="C:\Users\agam.abrol\Downloads\kasback 1\kasback/src/test/resources/snapshots//3274d458-695a-4416-ad07-0a9095ec613d.png" alt="executed onTue Jul 10 18:46:45 IST 2018"/></p></a></font></td>]]>
            </line>
            <line>
              <![CDATA[<td><font size="2" face="Comic sans MS" color="green"><b>clicked on webelement</b></font></td></tr>]]>
            </line>
            <line>
              <![CDATA[<tr><td></td><td></td><td><font size="1" face="Comic sans MS" color="green"><a href="C:\Users\agam.abrol\Downloads\kasback 1\kasback/src/test/resources/snapshots//c7907bc0-6b96-4915-bd63-e2279a6db91d.png"><p align="left">           Tue Jul 10 18:46:47 IST 2018</p>]]>
            </line>
            <line>
              <![CDATA[<p><img width="16" src="C:\Users\agam.abrol\Downloads\kasback 1\kasback/src/test/resources/snapshots//c7907bc0-6b96-4915-bd63-e2279a6db91d.png" alt="executed onTue Jul 10 18:46:47 IST 2018"/></p></a></font></td>]]>
            </line>
            <line>
              <![CDATA[<td><font size="2" face="Comic sans MS" color="green"><b>clicked on webelement</b></font></td></tr>]]>
            </line>
            <line>
              <![CDATA[<tr><td></td><td></td><td><font size="1" face="Comic sans MS" color="green"><a href="C:\Users\agam.abrol\Downloads\kasback 1\kasback/src/test/resources/snapshots//121b489a-83ac-4188-acc1-0c30a076ab11.png"><p align="left">           Tue Jul 10 18:46:48 IST 2018</p>]]>
            </line>
            <line>
              <![CDATA[<p><img width="16" src="C:\Users\agam.abrol\Downloads\kasback 1\kasback/src/test/resources/snapshots//121b489a-83ac-4188-acc1-0c30a076ab11.png" alt="executed onTue Jul 10 18:46:48 IST 2018"/></p></a></font></td>]]>
            </line>
            <line>
              <![CDATA[<td><font size="2" face="Comic sans MS" color="green"><b>clicked on webelement</b></font></td></tr>]]>
            </line>
            <line>
              <![CDATA[<tr><td></td><td></td><td><font size="1" face="Comic sans MS" color="green"><a href="C:\Users\agam.abrol\Downloads\kasback 1\kasback/src/test/resources/snapshots//dd370ae6-01a1-4102-aa64-bcd7e5a3a3c4.png"><p align="left">           Tue Jul 10 18:46:49 IST 2018</p>]]>
            </line>
            <line>
              <![CDATA[<p><img width="16" src="C:\Users\agam.abrol\Downloads\kasback 1\kasback/src/test/resources/snapshots//dd370ae6-01a1-4102-aa64-bcd7e5a3a3c4.png" alt="executed onTue Jul 10 18:46:49 IST 2018"/></p></a></font></td>]]>
            </line>
            <line>
              <![CDATA[<td><font size="2" face="Comic sans MS" color="green"><b>clicked on webelement</b></font></td></tr>]]>
            </line>
            <line>
              <![CDATA[<tr><td></td><td></td><td><font size="1" face="Comic sans MS" color="green"><a href="C:\Users\agam.abrol\Downloads\kasback 1\kasback/src/test/resources/snapshots//48d8e3ea-8f0b-45b3-ae96-cf8f0cf4de58.png"><p align="left">           Tue Jul 10 18:46:53 IST 2018</p>]]>
            </line>
            <line>
              <![CDATA[<p><img width="16" src="C:\Users\agam.abrol\Downloads\kasback 1\kasback/src/test/resources/snapshots//48d8e3ea-8f0b-45b3-ae96-cf8f0cf4de58.png" alt="executed onTue Jul 10 18:46:53 IST 2018"/></p></a></font></td>]]>
            </line>
            <line>
              <![CDATA[<td><font size="2" face="Comic sans MS" color="green"><b>clicked on webelement</b></font></td></tr>]]>
            </line>
          </reporter-output>
        </test-method> <!-- placeNewOrder -->
      </class> <!-- com.kasback.webApplication.uiTesting.KasbackOrderWorkflows -->
    </test> <!-- Default test -->
  </suite> <!-- Default suite -->
</testng-results>
